MIF/HEX Update report for SCOMP
Sat Apr 15 10:01:32 2023
Quartus Prime Version 19.1.0 Build 670 09/22/2019 SJ Lite Edition


---------------------
; Table of Contents ;
---------------------
  1. Legal Notice
  2. MIF/HEX Update Summary
  3. MIF/HEX Update Processed Files
  4. MIF/HEX Update Messages



----------------
; Legal Notice ;
----------------
Copyright (C) 2019  Intel Corporation. All rights reserved.
Your use of Intel Corporation's design tools, logic functions 
and other software and tools, and any partner logic 
functions, and any output files from any of the foregoing 
(including device programming or simulation files), and any 
associated documentation or information are expressly subject 
to the terms and conditions of the Intel Program License 
Subscription Agreement, the Intel Quartus Prime License Agreement,
the Intel FPGA IP License Agreement, or other applicable license
agreement, including, without limitation, that your use is for
the sole purpose of programming logic devices manufactured by
Intel and sold by Intel or its authorized distributors.  Please
refer to the applicable agreement for further details, at
https://fpgasoftware.intel.com/eula.



+---------------------------------------------------------------+
; MIF/HEX Update Summary                                        ;
+-----------------------+---------------------------------------+
; MIF/HEX Update Status ; Successful - Sat Apr 15 10:01:32 2023 ;
; Revision Name         ; SCOMP                                 ;
; Top-level Entity Name ; SCOMP_System                          ;
; Family                ; Cyclone V                             ;
; Device                ; 5CSXFC6D6F31C6                        ;
+-----------------------+---------------------------------------+


+----------------------------------------------------------------------------------------------+
; MIF/HEX Update Processed Files                                                               ;
+----------------------------------------------------------------------------------------------+
; File Name                                                                                    ;
+----------------------------------------------------------------------------------------------+
; C:/Users/josep/Stuff/CS/gatech-sp23/ece2031/ece2031-sp23-proj/oscillating_filter/polling.mif ;
+----------------------------------------------------------------------------------------------+


+-------------------------+
; MIF/HEX Update Messages ;
+-------------------------+
Info: *******************************************************************
Info: Running Quartus Prime MIF/HEX Update
    Info: Version 19.1.0 Build 670 09/22/2019 SJ Lite Edition
    Info: Processing started: Sat Apr 15 10:01:31 2023
Info: Command: quartus_cdb SCOMP -c SCOMP --update_mif
Info (39024): Processed the following Memory Initialization File(s)
    Info (39025): Processed Memory Initialization File C:/Users/josep/Stuff/CS/gatech-sp23/ece2031/ece2031-sp23-proj/oscillating_filter/polling.mif File: C:/Users/josep/Stuff/CS/gatech-sp23/ece2031/ece2031-sp23-proj/oscillating_filter/polling.mif Line: 0
Info: Quartus Prime MIF/HEX Update was successful. 0 errors, 0 warnings
    Info: Peak virtual memory: 4861 megabytes
    Info: Processing ended: Sat Apr 15 10:01:32 2023
    Info: Elapsed time: 00:00:01
    Info: Total CPU time (on all processors): 00:00:01


